{"C:\\Users\\jaspe\\Documents\\Klauwaerts\\wiki\\backend_website_trainers\\config\\custom-environment-variables.js": {"path":"C:\\Users\\jaspe\\Documents\\Klauwaerts\\wiki\\backend_website_trainers\\config\\custom-environment-variables.js","statementMap":{"0":{"start":{"line":1,"column":0},"end":{"line":15,"column":2}}},"fnMap":{},"branchMap":{},"s":{"0":1},"f":{},"b":{},"_coverageSchema":"1a1c01bbd47fc00a2c39e90264f33305004495a9","hash":"d62e6d379bdfc82f2c6cda77968ed75cc5968ba2"}
,"C:\\Users\\jaspe\\Documents\\Klauwaerts\\wiki\\backend_website_trainers\\config\\test.js": {"path":"C:\\Users\\jaspe\\Documents\\Klauwaerts\\wiki\\backend_website_trainers\\config\\test.js","statementMap":{"0":{"start":{"line":1,"column":0},"end":{"line":33,"column":2}}},"fnMap":{},"branchMap":{},"s":{"0":1},"f":{},"b":{},"_coverageSchema":"1a1c01bbd47fc00a2c39e90264f33305004495a9","hash":"22e84b935ca37f4850cd3c4f5ae35f119268b058"}
,"C:\\Users\\jaspe\\Documents\\Klauwaerts\\wiki\\backend_website_trainers\\src\\createServer.js": {"path":"C:\\Users\\jaspe\\Documents\\Klauwaerts\\wiki\\backend_website_trainers\\src\\createServer.js","statementMap":{"0":{"start":{"line":1,"column":12},"end":{"line":1,"column":26}},"1":{"start":{"line":2,"column":15},"end":{"line":2,"column":32}},"2":{"start":{"line":3,"column":16},"end":{"line":3,"column":36}},"3":{"start":{"line":4,"column":19},"end":{"line":4,"column":44}},"4":{"start":{"line":5,"column":42},"end":{"line":5,"column":67}},"5":{"start":{"line":6,"column":41},"end":{"line":6,"column":58}},"6":{"start":{"line":7,"column":20},"end":{"line":7,"column":37}},"7":{"start":{"line":8,"column":12},"end":{"line":8,"column":43}},"8":{"start":{"line":10,"column":17},"end":{"line":10,"column":34}},"9":{"start":{"line":11,"column":21},"end":{"line":11,"column":47}},"10":{"start":{"line":12,"column":21},"end":{"line":12,"column":46}},"11":{"start":{"line":13,"column":18},"end":{"line":13,"column":41}},"12":{"start":{"line":14,"column":21},"end":{"line":14,"column":47}},"13":{"start":{"line":16,"column":0},"end":{"line":69,"column":2}},"14":{"start":{"line":17,"column":2},"end":{"line":22,"column":5}},"15":{"start":{"line":24,"column":2},"end":{"line":24,"column":25}},"16":{"start":{"line":26,"column":14},"end":{"line":26,"column":23}},"17":{"start":{"line":29,"column":2},"end":{"line":40,"column":4}},"18":{"start":{"line":32,"column":8},"end":{"line":34,"column":9}},"19":{"start":{"line":33,"column":10},"end":{"line":33,"column":43}},"20":{"start":{"line":35,"column":8},"end":{"line":35,"column":31}},"21":{"start":{"line":41,"column":2},"end":{"line":41,"column":21}},"22":{"start":{"line":43,"column":17},"end":{"line":43,"column":28}},"23":{"start":{"line":45,"column":2},"end":{"line":45,"column":24}},"24":{"start":{"line":47,"column":2},"end":{"line":47,"column":19}},"25":{"start":{"line":49,"column":2},"end":{"line":68,"column":4}},"26":{"start":{"line":51,"column":6},"end":{"line":51,"column":17}},"27":{"start":{"line":55,"column":6},"end":{"line":60,"column":9}},"28":{"start":{"line":56,"column":21},"end":{"line":56,"column":45}},"29":{"start":{"line":57,"column":8},"end":{"line":57,"column":25}},"30":{"start":{"line":58,"column":8},"end":{"line":58,"column":68}},"31":{"start":{"line":59,"column":8},"end":{"line":59,"column":18}},"32":{"start":{"line":64,"column":6},"end":{"line":64,"column":31}},"33":{"start":{"line":65,"column":6},"end":{"line":65,"column":27}},"34":{"start":{"line":66,"column":6},"end":{"line":66,"column":34}}},"fnMap":{"0":{"name":"createServer","decl":{"start":{"line":16,"column":32},"end":{"line":16,"column":44}},"loc":{"start":{"line":16,"column":47},"end":{"line":69,"column":1}},"line":16},"1":{"name":"(anonymous_1)","decl":{"start":{"line":31,"column":14},"end":{"line":31,"column":15}},"loc":{"start":{"line":31,"column":23},"end":{"line":36,"column":7}},"line":31},"2":{"name":"(anonymous_2)","decl":{"start":{"line":50,"column":4},"end":{"line":50,"column":5}},"loc":{"start":{"line":50,"column":13},"end":{"line":52,"column":5}},"line":50},"3":{"name":"(anonymous_3)","decl":{"start":{"line":54,"column":4},"end":{"line":54,"column":5}},"loc":{"start":{"line":54,"column":18},"end":{"line":61,"column":5}},"line":54},"4":{"name":"(anonymous_4)","decl":{"start":{"line":55,"column":25},"end":{"line":55,"column":26}},"loc":{"start":{"line":55,"column":38},"end":{"line":60,"column":7}},"line":55},"5":{"name":"(anonymous_5)","decl":{"start":{"line":63,"column":4},"end":{"line":63,"column":5}},"loc":{"start":{"line":63,"column":17},"end":{"line":67,"column":5}},"line":63}},"branchMap":{"0":{"loc":{"start":{"line":32,"column":8},"end":{"line":34,"column":9}},"type":"if","locations":[{"start":{"line":32,"column":8},"end":{"line":34,"column":9}},{"start":{},"end":{}}],"line":32},"1":{"loc":{"start":{"line":56,"column":21},"end":{"line":56,"column":45}},"type":"binary-expr","locations":[{"start":{"line":56,"column":21},"end":{"line":56,"column":37}},{"start":{"line":56,"column":41},"end":{"line":56,"column":45}}],"line":56}},"s":{"0":1,"1":1,"2":1,"3":1,"4":1,"5":1,"6":1,"7":1,"8":1,"9":1,"10":1,"11":1,"12":1,"13":1,"14":1,"15":1,"16":1,"17":1,"18":0,"19":0,"20":0,"21":1,"22":1,"23":1,"24":1,"25":1,"26":1,"27":0,"28":0,"29":0,"30":0,"31":0,"32":1,"33":1,"34":1},"f":{"0":1,"1":0,"2":1,"3":0,"4":0,"5":1},"b":{"0":[0,0],"1":[0,0]},"_coverageSchema":"1a1c01bbd47fc00a2c39e90264f33305004495a9","hash":"b06e71e160240f452a070c31be32bc18bf4012dc"}
,"C:\\Users\\jaspe\\Documents\\Klauwaerts\\wiki\\backend_website_trainers\\src\\core\\jwt.js": {"path":"C:\\Users\\jaspe\\Documents\\Klauwaerts\\wiki\\backend_website_trainers\\src\\core\\jwt.js","statementMap":{"0":{"start":{"line":1,"column":15},"end":{"line":1,"column":32}},"1":{"start":{"line":2,"column":12},"end":{"line":2,"column":35}},"2":{"start":{"line":3,"column":22},"end":{"line":3,"column":42}},"3":{"start":{"line":5,"column":21},"end":{"line":5,"column":52}},"4":{"start":{"line":6,"column":19},"end":{"line":6,"column":48}},"5":{"start":{"line":7,"column":19},"end":{"line":7,"column":48}},"6":{"start":{"line":8,"column":32},"end":{"line":8,"column":73}},"7":{"start":{"line":10,"column":0},"end":{"line":34,"column":2}},"8":{"start":{"line":11,"column":20},"end":{"line":14,"column":3}},"9":{"start":{"line":16,"column":22},"end":{"line":21,"column":3}},"10":{"start":{"line":23,"column":2},"end":{"line":33,"column":5}},"11":{"start":{"line":24,"column":4},"end":{"line":32,"column":7}},"12":{"start":{"line":25,"column":6},"end":{"line":30,"column":7}},"13":{"start":{"line":26,"column":8},"end":{"line":28,"column":11}},"14":{"start":{"line":29,"column":8},"end":{"line":29,"column":27}},"15":{"start":{"line":31,"column":6},"end":{"line":31,"column":28}},"16":{"start":{"line":36,"column":0},"end":{"line":53,"column":2}},"17":{"start":{"line":37,"column":24},"end":{"line":41,"column":3}},"18":{"start":{"line":43,"column":2},"end":{"line":52,"column":5}},"19":{"start":{"line":44,"column":4},"end":{"line":51,"column":7}},"20":{"start":{"line":45,"column":6},"end":{"line":49,"column":7}},"21":{"start":{"line":46,"column":8},"end":{"line":48,"column":11}},"22":{"start":{"line":50,"column":6},"end":{"line":50,"column":35}}},"fnMap":{"0":{"name":"(anonymous_0)","decl":{"start":{"line":10,"column":29},"end":{"line":10,"column":30}},"loc":{"start":{"line":10,"column":39},"end":{"line":34,"column":1}},"line":10},"1":{"name":"(anonymous_1)","decl":{"start":{"line":23,"column":21},"end":{"line":23,"column":22}},"loc":{"start":{"line":23,"column":42},"end":{"line":33,"column":3}},"line":23},"2":{"name":"(anonymous_2)","decl":{"start":{"line":24,"column":49},"end":{"line":24,"column":50}},"loc":{"start":{"line":24,"column":65},"end":{"line":32,"column":5}},"line":24},"3":{"name":"(anonymous_3)","decl":{"start":{"line":36,"column":27},"end":{"line":36,"column":28}},"loc":{"start":{"line":36,"column":42},"end":{"line":53,"column":1}},"line":36},"4":{"name":"(anonymous_4)","decl":{"start":{"line":43,"column":21},"end":{"line":43,"column":22}},"loc":{"start":{"line":43,"column":42},"end":{"line":52,"column":3}},"line":43},"5":{"name":"(anonymous_5)","decl":{"start":{"line":44,"column":53},"end":{"line":44,"column":54}},"loc":{"start":{"line":44,"column":76},"end":{"line":51,"column":5}},"line":44}},"branchMap":{"0":{"loc":{"start":{"line":25,"column":6},"end":{"line":30,"column":7}},"type":"if","locations":[{"start":{"line":25,"column":6},"end":{"line":30,"column":7}},{"start":{},"end":{}}],"line":25},"1":{"loc":{"start":{"line":45,"column":6},"end":{"line":49,"column":7}},"type":"if","locations":[{"start":{"line":45,"column":6},"end":{"line":49,"column":7}},{"start":{},"end":{}}],"line":45},"2":{"loc":{"start":{"line":45,"column":10},"end":{"line":45,"column":30}},"type":"binary-expr","locations":[{"start":{"line":45,"column":10},"end":{"line":45,"column":13}},{"start":{"line":45,"column":17},"end":{"line":45,"column":30}}],"line":45}},"s":{"0":1,"1":1,"2":1,"3":1,"4":1,"5":1,"6":1,"7":1,"8":0,"9":0,"10":0,"11":0,"12":0,"13":0,"14":0,"15":0,"16":1,"17":0,"18":0,"19":0,"20":0,"21":0,"22":0},"f":{"0":0,"1":0,"2":0,"3":0,"4":0,"5":0},"b":{"0":[0,0],"1":[0,0],"2":[0,0]},"_coverageSchema":"1a1c01bbd47fc00a2c39e90264f33305004495a9","hash":"279d0256c750a07b15294669f0f9e1c6dc257998"}
,"C:\\Users\\jaspe\\Documents\\Klauwaerts\\wiki\\backend_website_trainers\\src\\core\\logging.js": {"path":"C:\\Users\\jaspe\\Documents\\Klauwaerts\\wiki\\backend_website_trainers\\src\\core\\logging.js","statementMap":{"0":{"start":{"line":1,"column":45},"end":{"line":1,"column":63}},"1":{"start":{"line":2,"column":46},"end":{"line":2,"column":52}},"2":{"start":{"line":6,"column":17},"end":{"line":8,"column":2}},"3":{"start":{"line":7,"column":2},"end":{"line":7,"column":48}},"4":{"start":{"line":10,"column":27},"end":{"line":20,"column":1}},"5":{"start":{"line":11,"column":2},"end":{"line":19,"column":5}},"6":{"start":{"line":22,"column":18},"end":{"line":25,"column":1}},"7":{"start":{"line":23,"column":2},"end":{"line":23,"column":67}},"8":{"start":{"line":23,"column":15},"end":{"line":23,"column":67}},"9":{"start":{"line":24,"column":2},"end":{"line":24,"column":16}},"10":{"start":{"line":27,"column":0},"end":{"line":30,"column":2}}},"fnMap":{"0":{"name":"(anonymous_0)","decl":{"start":{"line":6,"column":24},"end":{"line":6,"column":25}},"loc":{"start":{"line":6,"column":59},"end":{"line":8,"column":1}},"line":6},"1":{"name":"(anonymous_1)","decl":{"start":{"line":10,"column":27},"end":{"line":10,"column":28}},"loc":{"start":{"line":10,"column":48},"end":{"line":20,"column":1}},"line":10},"2":{"name":"(anonymous_2)","decl":{"start":{"line":22,"column":18},"end":{"line":22,"column":19}},"loc":{"start":{"line":22,"column":24},"end":{"line":25,"column":1}},"line":22}},"branchMap":{"0":{"loc":{"start":{"line":23,"column":2},"end":{"line":23,"column":67}},"type":"if","locations":[{"start":{"line":23,"column":2},"end":{"line":23,"column":67}},{"start":{},"end":{}}],"line":23}},"s":{"0":1,"1":1,"2":1,"3":6,"4":1,"5":1,"6":1,"7":4,"8":0,"9":4,"10":1},"f":{"0":6,"1":1,"2":4},"b":{"0":[0,4]},"_coverageSchema":"1a1c01bbd47fc00a2c39e90264f33305004495a9","hash":"bd6fefd95c7aff3e93691dd2536f00d4f9c4fd8f"}
,"C:\\Users\\jaspe\\Documents\\Klauwaerts\\wiki\\backend_website_trainers\\src\\core\\password.js": {"path":"C:\\Users\\jaspe\\Documents\\Klauwaerts\\wiki\\backend_website_trainers\\src\\core\\password.js","statementMap":{"0":{"start":{"line":1,"column":15},"end":{"line":1,"column":32}},"1":{"start":{"line":2,"column":15},"end":{"line":2,"column":32}},"2":{"start":{"line":4,"column":26},"end":{"line":4,"column":61}},"3":{"start":{"line":5,"column":26},"end":{"line":5,"column":61}},"4":{"start":{"line":6,"column":23},"end":{"line":6,"column":56}},"5":{"start":{"line":7,"column":26},"end":{"line":7,"column":61}},"6":{"start":{"line":9,"column":0},"end":{"line":19,"column":2}},"7":{"start":{"line":10,"column":25},"end":{"line":16,"column":6}},"8":{"start":{"line":18,"column":4},"end":{"line":18,"column":24}},"9":{"start":{"line":21,"column":0},"end":{"line":31,"column":2}},"10":{"start":{"line":22,"column":18},"end":{"line":28,"column":6}},"11":{"start":{"line":30,"column":4},"end":{"line":30,"column":17}}},"fnMap":{"0":{"name":"(anonymous_0)","decl":{"start":{"line":9,"column":30},"end":{"line":9,"column":31}},"loc":{"start":{"line":9,"column":50},"end":{"line":19,"column":1}},"line":9},"1":{"name":"(anonymous_1)","decl":{"start":{"line":21,"column":32},"end":{"line":21,"column":33}},"loc":{"start":{"line":21,"column":66},"end":{"line":31,"column":1}},"line":21}},"branchMap":{},"s":{"0":1,"1":1,"2":1,"3":1,"4":1,"5":1,"6":1,"7":0,"8":0,"9":1,"10":0,"11":0},"f":{"0":0,"1":0},"b":{},"_coverageSchema":"1a1c01bbd47fc00a2c39e90264f33305004495a9","hash":"63c16eca0b0a9fc15c286fbd6a2a04b0c057c1d7"}
,"C:\\Users\\jaspe\\Documents\\Klauwaerts\\wiki\\backend_website_trainers\\src\\core\\roles.js": {"path":"C:\\Users\\jaspe\\Documents\\Klauwaerts\\wiki\\backend_website_trainers\\src\\core\\roles.js","statementMap":{"0":{"start":{"line":1,"column":0},"end":{"line":4,"column":3}}},"fnMap":{},"branchMap":{},"s":{"0":1},"f":{},"b":{},"_coverageSchema":"1a1c01bbd47fc00a2c39e90264f33305004495a9","hash":"6841d20145010028de2f259842ea645bb1108205"}
,"C:\\Users\\jaspe\\Documents\\Klauwaerts\\wiki\\backend_website_trainers\\src\\data\\index.js": {"path":"C:\\Users\\jaspe\\Documents\\Klauwaerts\\wiki\\backend_website_trainers\\src\\data\\index.js","statementMap":{"0":{"start":{"line":1,"column":17},"end":{"line":1,"column":32}},"1":{"start":{"line":2,"column":15},"end":{"line":2,"column":32}},"2":{"start":{"line":3,"column":13},"end":{"line":3,"column":28}},"3":{"start":{"line":5,"column":17},"end":{"line":5,"column":34}},"4":{"start":{"line":6,"column":22},"end":{"line":6,"column":48}},"5":{"start":{"line":7,"column":22},"end":{"line":7,"column":48}},"6":{"start":{"line":9,"column":24},"end":{"line":9,"column":53}},"7":{"start":{"line":10,"column":22},"end":{"line":10,"column":49}},"8":{"start":{"line":11,"column":22},"end":{"line":11,"column":49}},"9":{"start":{"line":12,"column":22},"end":{"line":12,"column":49}},"10":{"start":{"line":13,"column":26},"end":{"line":13,"column":57}},"11":{"start":{"line":14,"column":26},"end":{"line":14,"column":57}},"12":{"start":{"line":19,"column":17},"end":{"line":19,"column":28}},"13":{"start":{"line":21,"column":22},"end":{"line":37,"column":3}},"14":{"start":{"line":39,"column":2},"end":{"line":39,"column":35}},"15":{"start":{"line":41,"column":2},"end":{"line":53,"column":3}},"16":{"start":{"line":42,"column":4},"end":{"line":42,"column":51}},"17":{"start":{"line":43,"column":4},"end":{"line":43,"column":77}},"18":{"start":{"line":45,"column":4},"end":{"line":45,"column":33}},"19":{"start":{"line":47,"column":4},"end":{"line":47,"column":52}},"20":{"start":{"line":48,"column":4},"end":{"line":48,"column":37}},"21":{"start":{"line":49,"column":4},"end":{"line":49,"column":51}},"22":{"start":{"line":51,"column":4},"end":{"line":51,"column":43}},"23":{"start":{"line":52,"column":4},"end":{"line":52,"column":59}},"24":{"start":{"line":55,"column":25},"end":{"line":55,"column":29}},"25":{"start":{"line":56,"column":2},"end":{"line":63,"column":3}},"26":{"start":{"line":57,"column":4},"end":{"line":57,"column":40}},"27":{"start":{"line":58,"column":4},"end":{"line":58,"column":29}},"28":{"start":{"line":60,"column":4},"end":{"line":62,"column":7}},"29":{"start":{"line":65,"column":2},"end":{"line":74,"column":3}},"30":{"start":{"line":66,"column":4},"end":{"line":72,"column":5}},"31":{"start":{"line":67,"column":6},"end":{"line":67,"column":40}},"32":{"start":{"line":69,"column":6},"end":{"line":71,"column":9}},"33":{"start":{"line":73,"column":4},"end":{"line":73,"column":41}},"34":{"start":{"line":76,"column":2},"end":{"line":84,"column":3}},"35":{"start":{"line":77,"column":4},"end":{"line":83,"column":5}},"36":{"start":{"line":78,"column":6},"end":{"line":78,"column":36}},"37":{"start":{"line":80,"column":6},"end":{"line":82,"column":9}},"38":{"start":{"line":86,"column":2},"end":{"line":86,"column":40}},"39":{"start":{"line":87,"column":2},"end":{"line":87,"column":22}},"40":{"start":{"line":91,"column":17},"end":{"line":91,"column":28}},"41":{"start":{"line":93,"column":2},"end":{"line":93,"column":45}},"42":{"start":{"line":95,"column":2},"end":{"line":95,"column":31}},"43":{"start":{"line":96,"column":2},"end":{"line":96,"column":22}},"44":{"start":{"line":98,"column":2},"end":{"line":98,"column":44}},"45":{"start":{"line":102,"column":2},"end":{"line":105,"column":6}},"46":{"start":{"line":103,"column":4},"end":{"line":105,"column":6}},"47":{"start":{"line":106,"column":2},"end":{"line":106,"column":22}},"48":{"start":{"line":109,"column":15},"end":{"line":114,"column":2}},"49":{"start":{"line":116,"column":0},"end":{"line":121,"column":2}}},"fnMap":{"0":{"name":"initializeData","decl":{"start":{"line":18,"column":15},"end":{"line":18,"column":29}},"loc":{"start":{"line":18,"column":32},"end":{"line":88,"column":1}},"line":18},"1":{"name":"shutdownData","decl":{"start":{"line":90,"column":15},"end":{"line":90,"column":27}},"loc":{"start":{"line":90,"column":30},"end":{"line":99,"column":1}},"line":90},"2":{"name":"getKnex","decl":{"start":{"line":101,"column":9},"end":{"line":101,"column":16}},"loc":{"start":{"line":101,"column":19},"end":{"line":107,"column":1}},"line":101}},"branchMap":{"0":{"loc":{"start":{"line":65,"column":2},"end":{"line":74,"column":3}},"type":"if","locations":[{"start":{"line":65,"column":2},"end":{"line":74,"column":3}},{"start":{},"end":{}}],"line":65},"1":{"loc":{"start":{"line":76,"column":2},"end":{"line":84,"column":3}},"type":"if","locations":[{"start":{"line":76,"column":2},"end":{"line":84,"column":3}},{"start":{},"end":{}}],"line":76},"2":{"loc":{"start":{"line":102,"column":2},"end":{"line":105,"column":6}},"type":"if","locations":[{"start":{"line":102,"column":2},"end":{"line":105,"column":6}},{"start":{},"end":{}}],"line":102}},"s":{"0":1,"1":1,"2":1,"3":1,"4":1,"5":1,"6":1,"7":1,"8":1,"9":1,"10":1,"11":1,"12":1,"13":1,"14":1,"15":1,"16":1,"17":1,"18":1,"19":1,"20":1,"21":1,"22":0,"23":0,"24":1,"25":1,"26":1,"27":1,"28":0,"29":1,"30":0,"31":0,"32":0,"33":0,"34":1,"35":0,"36":0,"37":0,"38":1,"39":1,"40":1,"41":1,"42":1,"43":1,"44":1,"45":3,"46":0,"47":3,"48":1,"49":1},"f":{"0":1,"1":1,"2":3},"b":{"0":[0,1],"1":[0,1],"2":[0,3]},"_coverageSchema":"1a1c01bbd47fc00a2c39e90264f33305004495a9","hash":"6b5d57cab706dd96b339715c742660da03c65318"}
,"C:\\Users\\jaspe\\Documents\\Klauwaerts\\wiki\\backend_website_trainers\\src\\repository\\kamp.js": {"path":"C:\\Users\\jaspe\\Documents\\Klauwaerts\\wiki\\backend_website_trainers\\src\\repository\\kamp.js","statementMap":{"0":{"start":{"line":1,"column":13},"end":{"line":1,"column":28}},"1":{"start":{"line":2,"column":28},"end":{"line":2,"column":46}},"2":{"start":{"line":3,"column":22},"end":{"line":3,"column":48}},"3":{"start":{"line":5,"column":16},"end":{"line":11,"column":1}},"4":{"start":{"line":6,"column":2},"end":{"line":10,"column":30}},"5":{"start":{"line":13,"column":17},"end":{"line":15,"column":1}},"6":{"start":{"line":14,"column":2},"end":{"line":14,"column":56}},"7":{"start":{"line":17,"column":15},"end":{"line":36,"column":1}},"8":{"start":{"line":18,"column":2},"end":{"line":35,"column":3}},"9":{"start":{"line":19,"column":15},"end":{"line":19,"column":24}},"10":{"start":{"line":20,"column":4},"end":{"line":27,"column":7}},"11":{"start":{"line":28,"column":4},"end":{"line":28,"column":30}},"12":{"start":{"line":30,"column":19},"end":{"line":30,"column":30}},"13":{"start":{"line":31,"column":4},"end":{"line":33,"column":7}},"14":{"start":{"line":34,"column":4},"end":{"line":34,"column":16}},"15":{"start":{"line":38,"column":19},"end":{"line":47,"column":1}},"16":{"start":{"line":39,"column":2},"end":{"line":46,"column":3}},"17":{"start":{"line":40,"column":25},"end":{"line":40,"column":78}},"18":{"start":{"line":41,"column":4},"end":{"line":41,"column":28}},"19":{"start":{"line":43,"column":19},"end":{"line":43,"column":30}},"20":{"start":{"line":44,"column":4},"end":{"line":44,"column":51}},"21":{"start":{"line":45,"column":4},"end":{"line":45,"column":16}},"22":{"start":{"line":49,"column":19},"end":{"line":60,"column":1}},"23":{"start":{"line":50,"column":2},"end":{"line":59,"column":3}},"24":{"start":{"line":51,"column":4},"end":{"line":53,"column":23}},"25":{"start":{"line":54,"column":4},"end":{"line":54,"column":30}},"26":{"start":{"line":56,"column":19},"end":{"line":56,"column":30}},"27":{"start":{"line":57,"column":4},"end":{"line":57,"column":51}},"28":{"start":{"line":58,"column":4},"end":{"line":58,"column":16}},"29":{"start":{"line":62,"column":0},"end":{"line":68,"column":2}}},"fnMap":{"0":{"name":"(anonymous_0)","decl":{"start":{"line":5,"column":16},"end":{"line":5,"column":17}},"loc":{"start":{"line":5,"column":35},"end":{"line":11,"column":1}},"line":5},"1":{"name":"(anonymous_1)","decl":{"start":{"line":13,"column":17},"end":{"line":13,"column":18}},"loc":{"start":{"line":13,"column":25},"end":{"line":15,"column":1}},"line":13},"2":{"name":"(anonymous_2)","decl":{"start":{"line":17,"column":15},"end":{"line":17,"column":16}},"loc":{"start":{"line":17,"column":71},"end":{"line":36,"column":1}},"line":17},"3":{"name":"(anonymous_3)","decl":{"start":{"line":38,"column":19},"end":{"line":38,"column":20}},"loc":{"start":{"line":38,"column":33},"end":{"line":47,"column":1}},"line":38},"4":{"name":"(anonymous_4)","decl":{"start":{"line":49,"column":19},"end":{"line":49,"column":20}},"loc":{"start":{"line":49,"column":79},"end":{"line":60,"column":1}},"line":49}},"branchMap":{},"s":{"0":1,"1":1,"2":1,"3":1,"4":0,"5":1,"6":0,"7":1,"8":0,"9":0,"10":0,"11":0,"12":0,"13":0,"14":0,"15":1,"16":0,"17":0,"18":0,"19":0,"20":0,"21":0,"22":1,"23":0,"24":0,"25":0,"26":0,"27":0,"28":0,"29":1},"f":{"0":0,"1":0,"2":0,"3":0,"4":0},"b":{},"_coverageSchema":"1a1c01bbd47fc00a2c39e90264f33305004495a9","hash":"682d2cfea6fb53c1ef1933c3b60035d03e89e663"}
,"C:\\Users\\jaspe\\Documents\\Klauwaerts\\wiki\\backend_website_trainers\\src\\repository\\training.js": {"path":"C:\\Users\\jaspe\\Documents\\Klauwaerts\\wiki\\backend_website_trainers\\src\\repository\\training.js","statementMap":{"0":{"start":{"line":1,"column":13},"end":{"line":1,"column":28}},"1":{"start":{"line":2,"column":28},"end":{"line":2,"column":46}},"2":{"start":{"line":3,"column":22},"end":{"line":3,"column":48}},"3":{"start":{"line":5,"column":16},"end":{"line":11,"column":1}},"4":{"start":{"line":6,"column":2},"end":{"line":10,"column":30}},"5":{"start":{"line":13,"column":17},"end":{"line":15,"column":1}},"6":{"start":{"line":14,"column":2},"end":{"line":14,"column":60}},"7":{"start":{"line":17,"column":22},"end":{"line":19,"column":1}},"8":{"start":{"line":18,"column":2},"end":{"line":18,"column":77}},"9":{"start":{"line":21,"column":15},"end":{"line":41,"column":1}},"10":{"start":{"line":22,"column":2},"end":{"line":40,"column":3}},"11":{"start":{"line":23,"column":15},"end":{"line":23,"column":24}},"12":{"start":{"line":24,"column":4},"end":{"line":32,"column":7}},"13":{"start":{"line":33,"column":4},"end":{"line":33,"column":30}},"14":{"start":{"line":35,"column":19},"end":{"line":35,"column":30}},"15":{"start":{"line":36,"column":4},"end":{"line":38,"column":7}},"16":{"start":{"line":39,"column":4},"end":{"line":39,"column":16}},"17":{"start":{"line":43,"column":19},"end":{"line":54,"column":1}},"18":{"start":{"line":44,"column":2},"end":{"line":53,"column":3}},"19":{"start":{"line":45,"column":25},"end":{"line":47,"column":22}},"20":{"start":{"line":48,"column":4},"end":{"line":48,"column":28}},"21":{"start":{"line":50,"column":19},"end":{"line":50,"column":30}},"22":{"start":{"line":51,"column":4},"end":{"line":51,"column":51}},"23":{"start":{"line":52,"column":4},"end":{"line":52,"column":16}},"24":{"start":{"line":56,"column":19},"end":{"line":70,"column":1}},"25":{"start":{"line":60,"column":2},"end":{"line":69,"column":3}},"26":{"start":{"line":61,"column":4},"end":{"line":63,"column":23}},"27":{"start":{"line":64,"column":4},"end":{"line":64,"column":30}},"28":{"start":{"line":66,"column":19},"end":{"line":66,"column":30}},"29":{"start":{"line":67,"column":4},"end":{"line":67,"column":51}},"30":{"start":{"line":68,"column":4},"end":{"line":68,"column":16}},"31":{"start":{"line":72,"column":0},"end":{"line":79,"column":2}}},"fnMap":{"0":{"name":"(anonymous_0)","decl":{"start":{"line":5,"column":16},"end":{"line":5,"column":17}},"loc":{"start":{"line":5,"column":35},"end":{"line":11,"column":1}},"line":5},"1":{"name":"(anonymous_1)","decl":{"start":{"line":13,"column":17},"end":{"line":13,"column":18}},"loc":{"start":{"line":13,"column":25},"end":{"line":15,"column":1}},"line":13},"2":{"name":"(anonymous_2)","decl":{"start":{"line":17,"column":22},"end":{"line":17,"column":23}},"loc":{"start":{"line":17,"column":32},"end":{"line":19,"column":1}},"line":17},"3":{"name":"(anonymous_3)","decl":{"start":{"line":21,"column":15},"end":{"line":21,"column":16}},"loc":{"start":{"line":21,"column":79},"end":{"line":41,"column":1}},"line":21},"4":{"name":"(anonymous_4)","decl":{"start":{"line":43,"column":19},"end":{"line":43,"column":20}},"loc":{"start":{"line":43,"column":33},"end":{"line":54,"column":1}},"line":43},"5":{"name":"(anonymous_5)","decl":{"start":{"line":56,"column":19},"end":{"line":56,"column":20}},"loc":{"start":{"line":59,"column":5},"end":{"line":70,"column":1}},"line":59}},"branchMap":{},"s":{"0":1,"1":1,"2":1,"3":1,"4":2,"5":1,"6":0,"7":1,"8":0,"9":1,"10":0,"11":0,"12":0,"13":0,"14":0,"15":0,"16":0,"17":1,"18":0,"19":0,"20":0,"21":0,"22":0,"23":0,"24":1,"25":0,"26":0,"27":0,"28":0,"29":0,"30":0,"31":1},"f":{"0":2,"1":0,"2":0,"3":0,"4":0,"5":0},"b":{},"_coverageSchema":"1a1c01bbd47fc00a2c39e90264f33305004495a9","hash":"bb2241ac369f07f8d98c1b6426228b1187552401"}
,"C:\\Users\\jaspe\\Documents\\Klauwaerts\\wiki\\backend_website_trainers\\src\\repository\\user.js": {"path":"C:\\Users\\jaspe\\Documents\\Klauwaerts\\wiki\\backend_website_trainers\\src\\repository\\user.js","statementMap":{"0":{"start":{"line":1,"column":13},"end":{"line":1,"column":28}},"1":{"start":{"line":2,"column":28},"end":{"line":2,"column":46}},"2":{"start":{"line":3,"column":22},"end":{"line":3,"column":48}},"3":{"start":{"line":5,"column":16},"end":{"line":11,"column":1}},"4":{"start":{"line":6,"column":2},"end":{"line":10,"column":28}},"5":{"start":{"line":13,"column":15},"end":{"line":28,"column":1}},"6":{"start":{"line":14,"column":2},"end":{"line":27,"column":3}},"7":{"start":{"line":15,"column":15},"end":{"line":15,"column":24}},"8":{"start":{"line":16,"column":4},"end":{"line":21,"column":7}},"9":{"start":{"line":22,"column":4},"end":{"line":22,"column":30}},"10":{"start":{"line":24,"column":19},"end":{"line":24,"column":30}},"11":{"start":{"line":25,"column":4},"end":{"line":25,"column":47}},"12":{"start":{"line":26,"column":4},"end":{"line":26,"column":16}},"13":{"start":{"line":30,"column":17},"end":{"line":32,"column":1}},"14":{"start":{"line":31,"column":2},"end":{"line":31,"column":56}},"15":{"start":{"line":34,"column":19},"end":{"line":36,"column":1}},"16":{"start":{"line":35,"column":2},"end":{"line":35,"column":60}},"17":{"start":{"line":38,"column":19},"end":{"line":46,"column":1}},"18":{"start":{"line":39,"column":2},"end":{"line":45,"column":3}},"19":{"start":{"line":40,"column":4},"end":{"line":40,"column":66}},"20":{"start":{"line":42,"column":19},"end":{"line":42,"column":30}},"21":{"start":{"line":43,"column":4},"end":{"line":43,"column":51}},"22":{"start":{"line":44,"column":4},"end":{"line":44,"column":16}},"23":{"start":{"line":48,"column":19},"end":{"line":57,"column":1}},"24":{"start":{"line":49,"column":2},"end":{"line":56,"column":3}},"25":{"start":{"line":50,"column":25},"end":{"line":50,"column":78}},"26":{"start":{"line":51,"column":4},"end":{"line":51,"column":28}},"27":{"start":{"line":53,"column":19},"end":{"line":53,"column":30}},"28":{"start":{"line":54,"column":4},"end":{"line":54,"column":51}},"29":{"start":{"line":55,"column":4},"end":{"line":55,"column":16}},"30":{"start":{"line":59,"column":18},"end":{"line":62,"column":1}},"31":{"start":{"line":60,"column":18},"end":{"line":60,"column":54}},"32":{"start":{"line":61,"column":2},"end":{"line":61,"column":27}},"33":{"start":{"line":64,"column":0},"end":{"line":72,"column":2}}},"fnMap":{"0":{"name":"(anonymous_0)","decl":{"start":{"line":5,"column":16},"end":{"line":5,"column":17}},"loc":{"start":{"line":5,"column":39},"end":{"line":11,"column":1}},"line":5},"1":{"name":"(anonymous_1)","decl":{"start":{"line":13,"column":15},"end":{"line":13,"column":16}},"loc":{"start":{"line":13,"column":56},"end":{"line":28,"column":1}},"line":13},"2":{"name":"(anonymous_2)","decl":{"start":{"line":30,"column":17},"end":{"line":30,"column":18}},"loc":{"start":{"line":30,"column":25},"end":{"line":32,"column":1}},"line":30},"3":{"name":"(anonymous_3)","decl":{"start":{"line":34,"column":19},"end":{"line":34,"column":20}},"loc":{"start":{"line":34,"column":29},"end":{"line":36,"column":1}},"line":34},"4":{"name":"(anonymous_4)","decl":{"start":{"line":38,"column":19},"end":{"line":38,"column":20}},"loc":{"start":{"line":38,"column":43},"end":{"line":46,"column":1}},"line":38},"5":{"name":"(anonymous_5)","decl":{"start":{"line":48,"column":19},"end":{"line":48,"column":20}},"loc":{"start":{"line":48,"column":33},"end":{"line":57,"column":1}},"line":48},"6":{"name":"(anonymous_6)","decl":{"start":{"line":59,"column":18},"end":{"line":59,"column":19}},"loc":{"start":{"line":59,"column":30},"end":{"line":62,"column":1}},"line":59}},"branchMap":{},"s":{"0":1,"1":1,"2":1,"3":1,"4":0,"5":1,"6":0,"7":0,"8":0,"9":0,"10":0,"11":0,"12":0,"13":1,"14":0,"15":1,"16":0,"17":1,"18":0,"19":0,"20":0,"21":0,"22":0,"23":1,"24":0,"25":0,"26":0,"27":0,"28":0,"29":0,"30":1,"31":0,"32":0,"33":1},"f":{"0":0,"1":0,"2":0,"3":0,"4":0,"5":0,"6":0},"b":{},"_coverageSchema":"1a1c01bbd47fc00a2c39e90264f33305004495a9","hash":"cde6dca668ab65a0eb2035118791ed0530f6b3c2"}
,"C:\\Users\\jaspe\\Documents\\Klauwaerts\\wiki\\backend_website_trainers\\src\\repository\\wedstrijd.js": {"path":"C:\\Users\\jaspe\\Documents\\Klauwaerts\\wiki\\backend_website_trainers\\src\\repository\\wedstrijd.js","statementMap":{"0":{"start":{"line":1,"column":13},"end":{"line":1,"column":28}},"1":{"start":{"line":2,"column":28},"end":{"line":2,"column":46}},"2":{"start":{"line":3,"column":22},"end":{"line":3,"column":48}},"3":{"start":{"line":5,"column":16},"end":{"line":11,"column":1}},"4":{"start":{"line":6,"column":2},"end":{"line":10,"column":30}},"5":{"start":{"line":13,"column":17},"end":{"line":15,"column":1}},"6":{"start":{"line":14,"column":2},"end":{"line":14,"column":61}},"7":{"start":{"line":17,"column":15},"end":{"line":46,"column":1}},"8":{"start":{"line":26,"column":2},"end":{"line":45,"column":3}},"9":{"start":{"line":27,"column":15},"end":{"line":27,"column":24}},"10":{"start":{"line":28,"column":4},"end":{"line":37,"column":7}},"11":{"start":{"line":38,"column":4},"end":{"line":38,"column":30}},"12":{"start":{"line":40,"column":19},"end":{"line":40,"column":30}},"13":{"start":{"line":41,"column":4},"end":{"line":43,"column":7}},"14":{"start":{"line":44,"column":4},"end":{"line":44,"column":16}},"15":{"start":{"line":48,"column":19},"end":{"line":59,"column":1}},"16":{"start":{"line":49,"column":2},"end":{"line":58,"column":3}},"17":{"start":{"line":50,"column":25},"end":{"line":52,"column":22}},"18":{"start":{"line":53,"column":4},"end":{"line":53,"column":28}},"19":{"start":{"line":55,"column":19},"end":{"line":55,"column":30}},"20":{"start":{"line":56,"column":4},"end":{"line":56,"column":51}},"21":{"start":{"line":57,"column":4},"end":{"line":57,"column":16}},"22":{"start":{"line":61,"column":19},"end":{"line":75,"column":1}},"23":{"start":{"line":65,"column":2},"end":{"line":74,"column":3}},"24":{"start":{"line":66,"column":4},"end":{"line":68,"column":23}},"25":{"start":{"line":69,"column":4},"end":{"line":69,"column":30}},"26":{"start":{"line":71,"column":19},"end":{"line":71,"column":30}},"27":{"start":{"line":72,"column":4},"end":{"line":72,"column":51}},"28":{"start":{"line":73,"column":4},"end":{"line":73,"column":16}},"29":{"start":{"line":77,"column":0},"end":{"line":83,"column":2}}},"fnMap":{"0":{"name":"(anonymous_0)","decl":{"start":{"line":5,"column":16},"end":{"line":5,"column":17}},"loc":{"start":{"line":5,"column":35},"end":{"line":11,"column":1}},"line":5},"1":{"name":"(anonymous_1)","decl":{"start":{"line":13,"column":17},"end":{"line":13,"column":18}},"loc":{"start":{"line":13,"column":25},"end":{"line":15,"column":1}},"line":13},"2":{"name":"(anonymous_2)","decl":{"start":{"line":17,"column":15},"end":{"line":17,"column":16}},"loc":{"start":{"line":25,"column":6},"end":{"line":46,"column":1}},"line":25},"3":{"name":"(anonymous_3)","decl":{"start":{"line":48,"column":19},"end":{"line":48,"column":20}},"loc":{"start":{"line":48,"column":33},"end":{"line":59,"column":1}},"line":48},"4":{"name":"(anonymous_4)","decl":{"start":{"line":61,"column":19},"end":{"line":61,"column":20}},"loc":{"start":{"line":64,"column":5},"end":{"line":75,"column":1}},"line":64}},"branchMap":{},"s":{"0":1,"1":1,"2":1,"3":1,"4":0,"5":1,"6":0,"7":1,"8":0,"9":0,"10":0,"11":0,"12":0,"13":0,"14":0,"15":1,"16":0,"17":0,"18":0,"19":0,"20":0,"21":0,"22":1,"23":0,"24":0,"25":0,"26":0,"27":0,"28":0,"29":1},"f":{"0":0,"1":0,"2":0,"3":0,"4":0},"b":{},"_coverageSchema":"1a1c01bbd47fc00a2c39e90264f33305004495a9","hash":"160d4180f2337099613c9f3dbd89ea6478b6e16a"}
,"C:\\Users\\jaspe\\Documents\\Klauwaerts\\wiki\\backend_website_trainers\\src\\rest\\_kampen.js": {"path":"C:\\Users\\jaspe\\Documents\\Klauwaerts\\wiki\\backend_website_trainers\\src\\rest\\_kampen.js","statementMap":{"0":{"start":{"line":1,"column":15},"end":{"line":1,"column":37}},"1":{"start":{"line":2,"column":20},"end":{"line":2,"column":46}},"2":{"start":{"line":4,"column":21},"end":{"line":9,"column":1}},"3":{"start":{"line":5,"column":26},"end":{"line":5,"column":35}},"4":{"start":{"line":6,"column":2},"end":{"line":6,"column":39}},"5":{"start":{"line":6,"column":27},"end":{"line":6,"column":39}},"6":{"start":{"line":7,"column":2},"end":{"line":7,"column":40}},"7":{"start":{"line":7,"column":29},"end":{"line":7,"column":40}},"8":{"start":{"line":8,"column":2},"end":{"line":8,"column":69}},"9":{"start":{"line":11,"column":19},"end":{"line":26,"column":1}},"10":{"start":{"line":12,"column":12},"end":{"line":15,"column":4}},"11":{"start":{"line":17,"column":2},"end":{"line":20,"column":3}},"12":{"start":{"line":18,"column":4},"end":{"line":18,"column":21}},"13":{"start":{"line":19,"column":4},"end":{"line":19,"column":24}},"14":{"start":{"line":21,"column":2},"end":{"line":21,"column":19}},"15":{"start":{"line":22,"column":20},"end":{"line":24,"column":4}},"16":{"start":{"line":25,"column":2},"end":{"line":25,"column":23}},"17":{"start":{"line":28,"column":20},"end":{"line":30,"column":1}},"18":{"start":{"line":29,"column":2},"end":{"line":29,"column":54}},"19":{"start":{"line":32,"column":23},"end":{"line":46,"column":1}},"20":{"start":{"line":33,"column":12},"end":{"line":36,"column":4}},"21":{"start":{"line":38,"column":2},"end":{"line":41,"column":3}},"22":{"start":{"line":39,"column":4},"end":{"line":39,"column":21}},"23":{"start":{"line":40,"column":4},"end":{"line":40,"column":24}},"24":{"start":{"line":42,"column":2},"end":{"line":42,"column":19}},"25":{"start":{"line":43,"column":2},"end":{"line":45,"column":5}},"26":{"start":{"line":48,"column":19},"end":{"line":51,"column":1}},"27":{"start":{"line":49,"column":2},"end":{"line":49,"column":46}},"28":{"start":{"line":50,"column":2},"end":{"line":50,"column":19}},"29":{"start":{"line":53,"column":0},"end":{"line":65,"column":2}},"30":{"start":{"line":54,"column":17},"end":{"line":56,"column":4}},"31":{"start":{"line":58,"column":2},"end":{"line":58,"column":32}},"32":{"start":{"line":59,"column":2},"end":{"line":59,"column":31}},"33":{"start":{"line":60,"column":2},"end":{"line":60,"column":34}},"34":{"start":{"line":61,"column":2},"end":{"line":61,"column":37}},"35":{"start":{"line":62,"column":2},"end":{"line":62,"column":36}},"36":{"start":{"line":64,"column":2},"end":{"line":64,"column":56}}},"fnMap":{"0":{"name":"(anonymous_0)","decl":{"start":{"line":4,"column":21},"end":{"line":4,"column":22}},"loc":{"start":{"line":4,"column":36},"end":{"line":9,"column":1}},"line":4},"1":{"name":"(anonymous_1)","decl":{"start":{"line":11,"column":19},"end":{"line":11,"column":20}},"loc":{"start":{"line":11,"column":34},"end":{"line":26,"column":1}},"line":11},"2":{"name":"(anonymous_2)","decl":{"start":{"line":28,"column":20},"end":{"line":28,"column":21}},"loc":{"start":{"line":28,"column":35},"end":{"line":30,"column":1}},"line":28},"3":{"name":"(anonymous_3)","decl":{"start":{"line":32,"column":23},"end":{"line":32,"column":24}},"loc":{"start":{"line":32,"column":38},"end":{"line":46,"column":1}},"line":32},"4":{"name":"(anonymous_4)","decl":{"start":{"line":48,"column":19},"end":{"line":48,"column":20}},"loc":{"start":{"line":48,"column":34},"end":{"line":51,"column":1}},"line":48},"5":{"name":"(anonymous_5)","decl":{"start":{"line":53,"column":17},"end":{"line":53,"column":18}},"loc":{"start":{"line":53,"column":26},"end":{"line":65,"column":1}},"line":53}},"branchMap":{"0":{"loc":{"start":{"line":6,"column":2},"end":{"line":6,"column":39}},"type":"if","locations":[{"start":{"line":6,"column":2},"end":{"line":6,"column":39}},{"start":{},"end":{}}],"line":6},"1":{"loc":{"start":{"line":6,"column":6},"end":{"line":6,"column":25}},"type":"binary-expr","locations":[{"start":{"line":6,"column":6},"end":{"line":6,"column":12}},{"start":{"line":6,"column":16},"end":{"line":6,"column":25}}],"line":6},"2":{"loc":{"start":{"line":7,"column":2},"end":{"line":7,"column":40}},"type":"if","locations":[{"start":{"line":7,"column":2},"end":{"line":7,"column":40}},{"start":{},"end":{}}],"line":7},"3":{"loc":{"start":{"line":7,"column":6},"end":{"line":7,"column":27}},"type":"binary-expr","locations":[{"start":{"line":7,"column":6},"end":{"line":7,"column":13}},{"start":{"line":7,"column":17},"end":{"line":7,"column":27}}],"line":7},"4":{"loc":{"start":{"line":17,"column":2},"end":{"line":20,"column":3}},"type":"if","locations":[{"start":{"line":17,"column":2},"end":{"line":20,"column":3}},{"start":{},"end":{}}],"line":17},"5":{"loc":{"start":{"line":38,"column":2},"end":{"line":41,"column":3}},"type":"if","locations":[{"start":{"line":38,"column":2},"end":{"line":41,"column":3}},{"start":{},"end":{}}],"line":38}},"s":{"0":1,"1":1,"2":1,"3":0,"4":0,"5":0,"6":0,"7":0,"8":0,"9":1,"10":0,"11":0,"12":0,"13":0,"14":0,"15":0,"16":0,"17":1,"18":0,"19":1,"20":0,"21":0,"22":0,"23":0,"24":0,"25":0,"26":1,"27":0,"28":0,"29":1,"30":1,"31":1,"32":1,"33":1,"34":1,"35":1,"36":1},"f":{"0":0,"1":0,"2":0,"3":0,"4":0,"5":1},"b":{"0":[0,0],"1":[0,0],"2":[0,0],"3":[0,0],"4":[0,0],"5":[0,0]},"_coverageSchema":"1a1c01bbd47fc00a2c39e90264f33305004495a9","hash":"84b85e8e889ec9df22507ee2a0ad837294022f5b"}
,"C:\\Users\\jaspe\\Documents\\Klauwaerts\\wiki\\backend_website_trainers\\src\\rest\\_trainingen.js": {"path":"C:\\Users\\jaspe\\Documents\\Klauwaerts\\wiki\\backend_website_trainers\\src\\rest\\_trainingen.js","statementMap":{"0":{"start":{"line":1,"column":15},"end":{"line":1,"column":37}},"1":{"start":{"line":2,"column":24},"end":{"line":2,"column":54}},"2":{"start":{"line":4,"column":25},"end":{"line":9,"column":1}},"3":{"start":{"line":5,"column":26},"end":{"line":5,"column":35}},"4":{"start":{"line":6,"column":2},"end":{"line":6,"column":39}},"5":{"start":{"line":6,"column":27},"end":{"line":6,"column":39}},"6":{"start":{"line":7,"column":2},"end":{"line":7,"column":40}},"7":{"start":{"line":7,"column":29},"end":{"line":7,"column":40}},"8":{"start":{"line":8,"column":2},"end":{"line":8,"column":73}},"9":{"start":{"line":11,"column":23},"end":{"line":26,"column":1}},"10":{"start":{"line":12,"column":12},"end":{"line":15,"column":4}},"11":{"start":{"line":17,"column":2},"end":{"line":20,"column":3}},"12":{"start":{"line":18,"column":4},"end":{"line":18,"column":21}},"13":{"start":{"line":19,"column":4},"end":{"line":19,"column":24}},"14":{"start":{"line":21,"column":2},"end":{"line":21,"column":19}},"15":{"start":{"line":22,"column":24},"end":{"line":24,"column":4}},"16":{"start":{"line":25,"column":2},"end":{"line":25,"column":27}},"17":{"start":{"line":28,"column":24},"end":{"line":30,"column":1}},"18":{"start":{"line":29,"column":2},"end":{"line":29,"column":58}},"19":{"start":{"line":32,"column":28},"end":{"line":34,"column":1}},"20":{"start":{"line":33,"column":2},"end":{"line":33,"column":62}},"21":{"start":{"line":36,"column":27},"end":{"line":50,"column":1}},"22":{"start":{"line":37,"column":12},"end":{"line":40,"column":4}},"23":{"start":{"line":42,"column":2},"end":{"line":45,"column":3}},"24":{"start":{"line":43,"column":4},"end":{"line":43,"column":21}},"25":{"start":{"line":44,"column":4},"end":{"line":44,"column":24}},"26":{"start":{"line":46,"column":2},"end":{"line":46,"column":19}},"27":{"start":{"line":47,"column":2},"end":{"line":49,"column":5}},"28":{"start":{"line":52,"column":23},"end":{"line":55,"column":1}},"29":{"start":{"line":53,"column":2},"end":{"line":53,"column":50}},"30":{"start":{"line":54,"column":2},"end":{"line":54,"column":19}},"31":{"start":{"line":57,"column":0},"end":{"line":70,"column":2}},"32":{"start":{"line":58,"column":17},"end":{"line":60,"column":4}},"33":{"start":{"line":62,"column":2},"end":{"line":62,"column":36}},"34":{"start":{"line":63,"column":2},"end":{"line":63,"column":35}},"35":{"start":{"line":64,"column":2},"end":{"line":64,"column":38}},"36":{"start":{"line":65,"column":2},"end":{"line":65,"column":49}},"37":{"start":{"line":66,"column":2},"end":{"line":66,"column":41}},"38":{"start":{"line":67,"column":2},"end":{"line":67,"column":40}},"39":{"start":{"line":69,"column":2},"end":{"line":69,"column":56}}},"fnMap":{"0":{"name":"(anonymous_0)","decl":{"start":{"line":4,"column":25},"end":{"line":4,"column":26}},"loc":{"start":{"line":4,"column":40},"end":{"line":9,"column":1}},"line":4},"1":{"name":"(anonymous_1)","decl":{"start":{"line":11,"column":23},"end":{"line":11,"column":24}},"loc":{"start":{"line":11,"column":38},"end":{"line":26,"column":1}},"line":11},"2":{"name":"(anonymous_2)","decl":{"start":{"line":28,"column":24},"end":{"line":28,"column":25}},"loc":{"start":{"line":28,"column":39},"end":{"line":30,"column":1}},"line":28},"3":{"name":"(anonymous_3)","decl":{"start":{"line":32,"column":28},"end":{"line":32,"column":29}},"loc":{"start":{"line":32,"column":43},"end":{"line":34,"column":1}},"line":32},"4":{"name":"(anonymous_4)","decl":{"start":{"line":36,"column":27},"end":{"line":36,"column":28}},"loc":{"start":{"line":36,"column":42},"end":{"line":50,"column":1}},"line":36},"5":{"name":"(anonymous_5)","decl":{"start":{"line":52,"column":23},"end":{"line":52,"column":24}},"loc":{"start":{"line":52,"column":38},"end":{"line":55,"column":1}},"line":52},"6":{"name":"(anonymous_6)","decl":{"start":{"line":57,"column":17},"end":{"line":57,"column":18}},"loc":{"start":{"line":57,"column":26},"end":{"line":70,"column":1}},"line":57}},"branchMap":{"0":{"loc":{"start":{"line":6,"column":2},"end":{"line":6,"column":39}},"type":"if","locations":[{"start":{"line":6,"column":2},"end":{"line":6,"column":39}},{"start":{},"end":{}}],"line":6},"1":{"loc":{"start":{"line":6,"column":6},"end":{"line":6,"column":25}},"type":"binary-expr","locations":[{"start":{"line":6,"column":6},"end":{"line":6,"column":12}},{"start":{"line":6,"column":16},"end":{"line":6,"column":25}}],"line":6},"2":{"loc":{"start":{"line":7,"column":2},"end":{"line":7,"column":40}},"type":"if","locations":[{"start":{"line":7,"column":2},"end":{"line":7,"column":40}},{"start":{},"end":{}}],"line":7},"3":{"loc":{"start":{"line":7,"column":6},"end":{"line":7,"column":27}},"type":"binary-expr","locations":[{"start":{"line":7,"column":6},"end":{"line":7,"column":13}},{"start":{"line":7,"column":17},"end":{"line":7,"column":27}}],"line":7},"4":{"loc":{"start":{"line":17,"column":2},"end":{"line":20,"column":3}},"type":"if","locations":[{"start":{"line":17,"column":2},"end":{"line":20,"column":3}},{"start":{},"end":{}}],"line":17},"5":{"loc":{"start":{"line":42,"column":2},"end":{"line":45,"column":3}},"type":"if","locations":[{"start":{"line":42,"column":2},"end":{"line":45,"column":3}},{"start":{},"end":{}}],"line":42}},"s":{"0":1,"1":1,"2":1,"3":2,"4":2,"5":1,"6":2,"7":1,"8":2,"9":1,"10":0,"11":0,"12":0,"13":0,"14":0,"15":0,"16":0,"17":1,"18":0,"19":1,"20":0,"21":1,"22":0,"23":0,"24":0,"25":0,"26":0,"27":0,"28":1,"29":0,"30":0,"31":1,"32":1,"33":1,"34":1,"35":1,"36":1,"37":1,"38":1,"39":1},"f":{"0":2,"1":0,"2":0,"3":0,"4":0,"5":0,"6":1},"b":{"0":[1,1],"1":[2,1],"2":[1,1],"3":[2,1],"4":[0,0],"5":[0,0]},"_coverageSchema":"1a1c01bbd47fc00a2c39e90264f33305004495a9","hash":"c3521dc56dacc5cc4324c7aef825e9452128299d"}
,"C:\\Users\\jaspe\\Documents\\Klauwaerts\\wiki\\backend_website_trainers\\src\\rest\\_users.js": {"path":"C:\\Users\\jaspe\\Documents\\Klauwaerts\\wiki\\backend_website_trainers\\src\\rest\\_users.js","statementMap":{"0":{"start":{"line":1,"column":15},"end":{"line":1,"column":37}},"1":{"start":{"line":2,"column":20},"end":{"line":2,"column":46}},"2":{"start":{"line":4,"column":15},"end":{"line":7,"column":1}},"3":{"start":{"line":5,"column":28},"end":{"line":5,"column":37}},"4":{"start":{"line":6,"column":2},"end":{"line":6,"column":69}},"5":{"start":{"line":9,"column":16},"end":{"line":11,"column":1}},"6":{"start":{"line":10,"column":2},"end":{"line":10,"column":54}},"7":{"start":{"line":13,"column":19},"end":{"line":16,"column":1}},"8":{"start":{"line":14,"column":15},"end":{"line":14,"column":76}},"9":{"start":{"line":15,"column":2},"end":{"line":15,"column":18}},"10":{"start":{"line":18,"column":19},"end":{"line":21,"column":1}},"11":{"start":{"line":19,"column":2},"end":{"line":19,"column":46}},"12":{"start":{"line":20,"column":2},"end":{"line":20,"column":19}},"13":{"start":{"line":23,"column":14},"end":{"line":27,"column":1}},"14":{"start":{"line":24,"column":29},"end":{"line":24,"column":45}},"15":{"start":{"line":25,"column":19},"end":{"line":25,"column":58}},"16":{"start":{"line":26,"column":2},"end":{"line":26,"column":22}},"17":{"start":{"line":29,"column":17},"end":{"line":32,"column":1}},"18":{"start":{"line":30,"column":19},"end":{"line":30,"column":63}},"19":{"start":{"line":31,"column":2},"end":{"line":31,"column":22}},"20":{"start":{"line":34,"column":0},"end":{"line":48,"column":2}},"21":{"start":{"line":35,"column":17},"end":{"line":37,"column":4}},"22":{"start":{"line":39,"column":2},"end":{"line":39,"column":26}},"23":{"start":{"line":40,"column":2},"end":{"line":40,"column":30}},"24":{"start":{"line":41,"column":2},"end":{"line":41,"column":33}},"25":{"start":{"line":42,"column":2},"end":{"line":42,"column":36}},"26":{"start":{"line":44,"column":2},"end":{"line":44,"column":31}},"27":{"start":{"line":45,"column":2},"end":{"line":45,"column":37}},"28":{"start":{"line":47,"column":2},"end":{"line":47,"column":56}}},"fnMap":{"0":{"name":"(anonymous_0)","decl":{"start":{"line":4,"column":15},"end":{"line":4,"column":16}},"loc":{"start":{"line":4,"column":30},"end":{"line":7,"column":1}},"line":4},"1":{"name":"(anonymous_1)","decl":{"start":{"line":9,"column":16},"end":{"line":9,"column":17}},"loc":{"start":{"line":9,"column":31},"end":{"line":11,"column":1}},"line":9},"2":{"name":"(anonymous_2)","decl":{"start":{"line":13,"column":19},"end":{"line":13,"column":20}},"loc":{"start":{"line":13,"column":34},"end":{"line":16,"column":1}},"line":13},"3":{"name":"(anonymous_3)","decl":{"start":{"line":18,"column":19},"end":{"line":18,"column":20}},"loc":{"start":{"line":18,"column":34},"end":{"line":21,"column":1}},"line":18},"4":{"name":"(anonymous_4)","decl":{"start":{"line":23,"column":14},"end":{"line":23,"column":15}},"loc":{"start":{"line":23,"column":29},"end":{"line":27,"column":1}},"line":23},"5":{"name":"(anonymous_5)","decl":{"start":{"line":29,"column":17},"end":{"line":29,"column":18}},"loc":{"start":{"line":29,"column":32},"end":{"line":32,"column":1}},"line":29},"6":{"name":"(anonymous_6)","decl":{"start":{"line":34,"column":17},"end":{"line":34,"column":18}},"loc":{"start":{"line":34,"column":26},"end":{"line":48,"column":1}},"line":34}},"branchMap":{},"s":{"0":1,"1":1,"2":1,"3":0,"4":0,"5":1,"6":0,"7":1,"8":0,"9":0,"10":1,"11":0,"12":0,"13":1,"14":0,"15":0,"16":0,"17":1,"18":0,"19":0,"20":1,"21":1,"22":1,"23":1,"24":1,"25":1,"26":1,"27":1,"28":1},"f":{"0":0,"1":0,"2":0,"3":0,"4":0,"5":0,"6":1},"b":{},"_coverageSchema":"1a1c01bbd47fc00a2c39e90264f33305004495a9","hash":"cb1e6658beb18ce72eb6d3fa5c23ba4aaebb58bc"}
,"C:\\Users\\jaspe\\Documents\\Klauwaerts\\wiki\\backend_website_trainers\\src\\rest\\_wedstrijden.js": {"path":"C:\\Users\\jaspe\\Documents\\Klauwaerts\\wiki\\backend_website_trainers\\src\\rest\\_wedstrijden.js","statementMap":{"0":{"start":{"line":1,"column":15},"end":{"line":1,"column":37}},"1":{"start":{"line":2,"column":25},"end":{"line":2,"column":56}},"2":{"start":{"line":4,"column":26},"end":{"line":9,"column":1}},"3":{"start":{"line":5,"column":26},"end":{"line":5,"column":35}},"4":{"start":{"line":6,"column":2},"end":{"line":6,"column":39}},"5":{"start":{"line":6,"column":27},"end":{"line":6,"column":39}},"6":{"start":{"line":7,"column":2},"end":{"line":7,"column":40}},"7":{"start":{"line":7,"column":29},"end":{"line":7,"column":40}},"8":{"start":{"line":8,"column":2},"end":{"line":8,"column":74}},"9":{"start":{"line":11,"column":24},"end":{"line":27,"column":1}},"10":{"start":{"line":12,"column":12},"end":{"line":16,"column":4}},"11":{"start":{"line":18,"column":2},"end":{"line":21,"column":3}},"12":{"start":{"line":19,"column":4},"end":{"line":19,"column":21}},"13":{"start":{"line":20,"column":4},"end":{"line":20,"column":24}},"14":{"start":{"line":22,"column":2},"end":{"line":22,"column":19}},"15":{"start":{"line":23,"column":25},"end":{"line":25,"column":4}},"16":{"start":{"line":26,"column":2},"end":{"line":26,"column":28}},"17":{"start":{"line":29,"column":25},"end":{"line":31,"column":1}},"18":{"start":{"line":30,"column":2},"end":{"line":30,"column":59}},"19":{"start":{"line":33,"column":28},"end":{"line":48,"column":1}},"20":{"start":{"line":34,"column":12},"end":{"line":38,"column":4}},"21":{"start":{"line":40,"column":2},"end":{"line":43,"column":3}},"22":{"start":{"line":41,"column":4},"end":{"line":41,"column":21}},"23":{"start":{"line":42,"column":4},"end":{"line":42,"column":24}},"24":{"start":{"line":44,"column":2},"end":{"line":44,"column":19}},"25":{"start":{"line":45,"column":2},"end":{"line":47,"column":5}},"26":{"start":{"line":50,"column":24},"end":{"line":53,"column":1}},"27":{"start":{"line":51,"column":2},"end":{"line":51,"column":51}},"28":{"start":{"line":52,"column":2},"end":{"line":52,"column":19}},"29":{"start":{"line":55,"column":0},"end":{"line":67,"column":2}},"30":{"start":{"line":56,"column":17},"end":{"line":58,"column":4}},"31":{"start":{"line":60,"column":2},"end":{"line":60,"column":37}},"32":{"start":{"line":61,"column":2},"end":{"line":61,"column":36}},"33":{"start":{"line":62,"column":2},"end":{"line":62,"column":39}},"34":{"start":{"line":63,"column":2},"end":{"line":63,"column":42}},"35":{"start":{"line":64,"column":2},"end":{"line":64,"column":41}},"36":{"start":{"line":66,"column":2},"end":{"line":66,"column":56}}},"fnMap":{"0":{"name":"(anonymous_0)","decl":{"start":{"line":4,"column":26},"end":{"line":4,"column":27}},"loc":{"start":{"line":4,"column":41},"end":{"line":9,"column":1}},"line":4},"1":{"name":"(anonymous_1)","decl":{"start":{"line":11,"column":24},"end":{"line":11,"column":25}},"loc":{"start":{"line":11,"column":39},"end":{"line":27,"column":1}},"line":11},"2":{"name":"(anonymous_2)","decl":{"start":{"line":29,"column":25},"end":{"line":29,"column":26}},"loc":{"start":{"line":29,"column":40},"end":{"line":31,"column":1}},"line":29},"3":{"name":"(anonymous_3)","decl":{"start":{"line":33,"column":28},"end":{"line":33,"column":29}},"loc":{"start":{"line":33,"column":43},"end":{"line":48,"column":1}},"line":33},"4":{"name":"(anonymous_4)","decl":{"start":{"line":50,"column":24},"end":{"line":50,"column":25}},"loc":{"start":{"line":50,"column":39},"end":{"line":53,"column":1}},"line":50},"5":{"name":"(anonymous_5)","decl":{"start":{"line":55,"column":17},"end":{"line":55,"column":18}},"loc":{"start":{"line":55,"column":26},"end":{"line":67,"column":1}},"line":55}},"branchMap":{"0":{"loc":{"start":{"line":6,"column":2},"end":{"line":6,"column":39}},"type":"if","locations":[{"start":{"line":6,"column":2},"end":{"line":6,"column":39}},{"start":{},"end":{}}],"line":6},"1":{"loc":{"start":{"line":6,"column":6},"end":{"line":6,"column":25}},"type":"binary-expr","locations":[{"start":{"line":6,"column":6},"end":{"line":6,"column":12}},{"start":{"line":6,"column":16},"end":{"line":6,"column":25}}],"line":6},"2":{"loc":{"start":{"line":7,"column":2},"end":{"line":7,"column":40}},"type":"if","locations":[{"start":{"line":7,"column":2},"end":{"line":7,"column":40}},{"start":{},"end":{}}],"line":7},"3":{"loc":{"start":{"line":7,"column":6},"end":{"line":7,"column":27}},"type":"binary-expr","locations":[{"start":{"line":7,"column":6},"end":{"line":7,"column":13}},{"start":{"line":7,"column":17},"end":{"line":7,"column":27}}],"line":7},"4":{"loc":{"start":{"line":18,"column":2},"end":{"line":21,"column":3}},"type":"if","locations":[{"start":{"line":18,"column":2},"end":{"line":21,"column":3}},{"start":{},"end":{}}],"line":18},"5":{"loc":{"start":{"line":40,"column":2},"end":{"line":43,"column":3}},"type":"if","locations":[{"start":{"line":40,"column":2},"end":{"line":43,"column":3}},{"start":{},"end":{}}],"line":40}},"s":{"0":1,"1":1,"2":1,"3":0,"4":0,"5":0,"6":0,"7":0,"8":0,"9":1,"10":0,"11":0,"12":0,"13":0,"14":0,"15":0,"16":0,"17":1,"18":0,"19":1,"20":0,"21":0,"22":0,"23":0,"24":0,"25":0,"26":1,"27":0,"28":0,"29":1,"30":1,"31":1,"32":1,"33":1,"34":1,"35":1,"36":1},"f":{"0":0,"1":0,"2":0,"3":0,"4":0,"5":1},"b":{"0":[0,0],"1":[0,0],"2":[0,0],"3":[0,0],"4":[0,0],"5":[0,0]},"_coverageSchema":"1a1c01bbd47fc00a2c39e90264f33305004495a9","hash":"bd673bea1438ad49a5f77d7f94e6615aa9615b2b"}
,"C:\\Users\\jaspe\\Documents\\Klauwaerts\\wiki\\backend_website_trainers\\src\\rest\\index.js": {"path":"C:\\Users\\jaspe\\Documents\\Klauwaerts\\wiki\\backend_website_trainers\\src\\rest\\index.js","statementMap":{"0":{"start":{"line":1,"column":15},"end":{"line":1,"column":37}},"1":{"start":{"line":2,"column":30},"end":{"line":2,"column":54}},"2":{"start":{"line":3,"column":31},"end":{"line":3,"column":56}},"3":{"start":{"line":4,"column":26},"end":{"line":4,"column":46}},"4":{"start":{"line":5,"column":26},"end":{"line":5,"column":45}},"5":{"start":{"line":7,"column":0},"end":{"line":18,"column":2}},"6":{"start":{"line":8,"column":17},"end":{"line":10,"column":4}},"7":{"start":{"line":12,"column":2},"end":{"line":12,"column":32}},"8":{"start":{"line":13,"column":2},"end":{"line":13,"column":33}},"9":{"start":{"line":14,"column":2},"end":{"line":14,"column":28}},"10":{"start":{"line":15,"column":2},"end":{"line":15,"column":28}},"11":{"start":{"line":17,"column":2},"end":{"line":17,"column":56}}},"fnMap":{"0":{"name":"(anonymous_0)","decl":{"start":{"line":7,"column":17},"end":{"line":7,"column":18}},"loc":{"start":{"line":7,"column":26},"end":{"line":18,"column":1}},"line":7}},"branchMap":{},"s":{"0":1,"1":1,"2":1,"3":1,"4":1,"5":1,"6":1,"7":1,"8":1,"9":1,"10":1,"11":1},"f":{"0":1},"b":{},"_coverageSchema":"1a1c01bbd47fc00a2c39e90264f33305004495a9","hash":"033ef8e9ba9589a18c30200dbff93bcaac5528cb"}
,"C:\\Users\\jaspe\\Documents\\Klauwaerts\\wiki\\backend_website_trainers\\src\\service\\kamp.js": {"path":"C:\\Users\\jaspe\\Documents\\Klauwaerts\\wiki\\backend_website_trainers\\src\\service\\kamp.js","statementMap":{"0":{"start":{"line":1,"column":22},"end":{"line":1,"column":48}},"1":{"start":{"line":2,"column":25},"end":{"line":2,"column":54}},"2":{"start":{"line":4,"column":17},"end":{"line":7,"column":1}},"3":{"start":{"line":5,"column":2},"end":{"line":5,"column":46}},"4":{"start":{"line":5,"column":20},"end":{"line":5,"column":46}},"5":{"start":{"line":6,"column":2},"end":{"line":6,"column":35}},"6":{"start":{"line":9,"column":15},"end":{"line":18,"column":1}},"7":{"start":{"line":10,"column":2},"end":{"line":10,"column":34}},"8":{"start":{"line":11,"column":15},"end":{"line":11,"column":60}},"9":{"start":{"line":12,"column":2},"end":{"line":17,"column":4}},"10":{"start":{"line":20,"column":16},"end":{"line":23,"column":1}},"11":{"start":{"line":21,"column":2},"end":{"line":21,"column":42}},"12":{"start":{"line":22,"column":2},"end":{"line":22,"column":39}},"13":{"start":{"line":25,"column":15},"end":{"line":35,"column":1}},"14":{"start":{"line":26,"column":18},"end":{"line":32,"column":3}},"15":{"start":{"line":33,"column":2},"end":{"line":33,"column":41}},"16":{"start":{"line":34,"column":2},"end":{"line":34,"column":42}},"17":{"start":{"line":37,"column":19},"end":{"line":55,"column":1}},"18":{"start":{"line":41,"column":2},"end":{"line":47,"column":5}},"19":{"start":{"line":48,"column":2},"end":{"line":54,"column":5}},"20":{"start":{"line":57,"column":19},"end":{"line":60,"column":1}},"21":{"start":{"line":58,"column":2},"end":{"line":58,"column":42}},"22":{"start":{"line":59,"column":2},"end":{"line":59,"column":40}},"23":{"start":{"line":62,"column":0},"end":{"line":68,"column":2}}},"fnMap":{"0":{"name":"(anonymous_0)","decl":{"start":{"line":4,"column":17},"end":{"line":4,"column":18}},"loc":{"start":{"line":4,"column":41},"end":{"line":7,"column":1}},"line":4},"1":{"name":"(anonymous_1)","decl":{"start":{"line":9,"column":15},"end":{"line":9,"column":16}},"loc":{"start":{"line":9,"column":40},"end":{"line":18,"column":1}},"line":9},"2":{"name":"(anonymous_2)","decl":{"start":{"line":20,"column":16},"end":{"line":20,"column":17}},"loc":{"start":{"line":20,"column":24},"end":{"line":23,"column":1}},"line":20},"3":{"name":"(anonymous_3)","decl":{"start":{"line":25,"column":15},"end":{"line":25,"column":16}},"loc":{"start":{"line":25,"column":65},"end":{"line":35,"column":1}},"line":25},"4":{"name":"(anonymous_4)","decl":{"start":{"line":37,"column":19},"end":{"line":37,"column":20}},"loc":{"start":{"line":40,"column":5},"end":{"line":55,"column":1}},"line":40},"5":{"name":"(anonymous_5)","decl":{"start":{"line":57,"column":19},"end":{"line":57,"column":20}},"loc":{"start":{"line":57,"column":33},"end":{"line":60,"column":1}},"line":57}},"branchMap":{"0":{"loc":{"start":{"line":4,"column":27},"end":{"line":4,"column":36}},"type":"default-arg","locations":[{"start":{"line":4,"column":34},"end":{"line":4,"column":36}}],"line":4},"1":{"loc":{"start":{"line":5,"column":2},"end":{"line":5,"column":46}},"type":"if","locations":[{"start":{"line":5,"column":2},"end":{"line":5,"column":46}},{"start":{},"end":{}}],"line":5},"2":{"loc":{"start":{"line":39,"column":16},"end":{"line":39,"column":30}},"type":"default-arg","locations":[{"start":{"line":39,"column":26},"end":{"line":39,"column":30}}],"line":39},"3":{"loc":{"start":{"line":39,"column":32},"end":{"line":39,"column":48}},"type":"default-arg","locations":[{"start":{"line":39,"column":44},"end":{"line":39,"column":48}}],"line":39},"4":{"loc":{"start":{"line":39,"column":50},"end":{"line":39,"column":65}},"type":"default-arg","locations":[{"start":{"line":39,"column":61},"end":{"line":39,"column":65}}],"line":39}},"s":{"0":1,"1":1,"2":1,"3":0,"4":0,"5":0,"6":1,"7":0,"8":0,"9":0,"10":1,"11":0,"12":0,"13":1,"14":0,"15":0,"16":0,"17":1,"18":0,"19":0,"20":1,"21":0,"22":0,"23":1},"f":{"0":0,"1":0,"2":0,"3":0,"4":0,"5":0},"b":{"0":[0],"1":[0,0],"2":[0],"3":[0],"4":[0]},"_coverageSchema":"1a1c01bbd47fc00a2c39e90264f33305004495a9","hash":"424cc3c27be2f26777b6677ee43d3687b2e5d106"}
,"C:\\Users\\jaspe\\Documents\\Klauwaerts\\wiki\\backend_website_trainers\\src\\service\\training.js": {"path":"C:\\Users\\jaspe\\Documents\\Klauwaerts\\wiki\\backend_website_trainers\\src\\service\\training.js","statementMap":{"0":{"start":{"line":1,"column":22},"end":{"line":1,"column":48}},"1":{"start":{"line":2,"column":29},"end":{"line":2,"column":62}},"2":{"start":{"line":4,"column":17},"end":{"line":7,"column":1}},"3":{"start":{"line":5,"column":2},"end":{"line":5,"column":46}},"4":{"start":{"line":5,"column":20},"end":{"line":5,"column":46}},"5":{"start":{"line":6,"column":2},"end":{"line":6,"column":35}},"6":{"start":{"line":9,"column":15},"end":{"line":18,"column":1}},"7":{"start":{"line":10,"column":2},"end":{"line":10,"column":38}},"8":{"start":{"line":11,"column":15},"end":{"line":11,"column":64}},"9":{"start":{"line":12,"column":2},"end":{"line":17,"column":4}},"10":{"start":{"line":20,"column":16},"end":{"line":23,"column":1}},"11":{"start":{"line":21,"column":2},"end":{"line":21,"column":46}},"12":{"start":{"line":22,"column":2},"end":{"line":22,"column":43}},"13":{"start":{"line":25,"column":18},"end":{"line":32,"column":1}},"14":{"start":{"line":26,"column":2},"end":{"line":26,"column":52}},"15":{"start":{"line":27,"column":15},"end":{"line":27,"column":61}},"16":{"start":{"line":28,"column":2},"end":{"line":31,"column":4}},"17":{"start":{"line":34,"column":15},"end":{"line":42,"column":1}},"18":{"start":{"line":35,"column":2},"end":{"line":35,"column":28}},"19":{"start":{"line":36,"column":2},"end":{"line":36,"column":30}},"20":{"start":{"line":37,"column":2},"end":{"line":37,"column":28}},"21":{"start":{"line":38,"column":2},"end":{"line":38,"column":30}},"22":{"start":{"line":39,"column":22},"end":{"line":39,"column":74}},"23":{"start":{"line":40,"column":2},"end":{"line":40,"column":49}},"24":{"start":{"line":41,"column":2},"end":{"line":41,"column":50}},"25":{"start":{"line":44,"column":19},"end":{"line":71,"column":1}},"26":{"start":{"line":55,"column":2},"end":{"line":62,"column":5}},"27":{"start":{"line":63,"column":2},"end":{"line":70,"column":5}},"28":{"start":{"line":73,"column":19},"end":{"line":76,"column":1}},"29":{"start":{"line":74,"column":2},"end":{"line":74,"column":46}},"30":{"start":{"line":75,"column":2},"end":{"line":75,"column":44}},"31":{"start":{"line":78,"column":0},"end":{"line":85,"column":2}}},"fnMap":{"0":{"name":"(anonymous_0)","decl":{"start":{"line":4,"column":17},"end":{"line":4,"column":18}},"loc":{"start":{"line":4,"column":41},"end":{"line":7,"column":1}},"line":4},"1":{"name":"(anonymous_1)","decl":{"start":{"line":9,"column":15},"end":{"line":9,"column":16}},"loc":{"start":{"line":9,"column":40},"end":{"line":18,"column":1}},"line":9},"2":{"name":"(anonymous_2)","decl":{"start":{"line":20,"column":16},"end":{"line":20,"column":17}},"loc":{"start":{"line":20,"column":24},"end":{"line":23,"column":1}},"line":20},"3":{"name":"(anonymous_3)","decl":{"start":{"line":25,"column":18},"end":{"line":25,"column":19}},"loc":{"start":{"line":25,"column":34},"end":{"line":32,"column":1}},"line":25},"4":{"name":"(anonymous_4)","decl":{"start":{"line":34,"column":15},"end":{"line":34,"column":16}},"loc":{"start":{"line":34,"column":73},"end":{"line":42,"column":1}},"line":34},"5":{"name":"(anonymous_5)","decl":{"start":{"line":44,"column":19},"end":{"line":44,"column":20}},"loc":{"start":{"line":54,"column":5},"end":{"line":71,"column":1}},"line":54},"6":{"name":"(anonymous_6)","decl":{"start":{"line":73,"column":19},"end":{"line":73,"column":20}},"loc":{"start":{"line":73,"column":33},"end":{"line":76,"column":1}},"line":73}},"branchMap":{"0":{"loc":{"start":{"line":4,"column":27},"end":{"line":4,"column":36}},"type":"default-arg","locations":[{"start":{"line":4,"column":34},"end":{"line":4,"column":36}}],"line":4},"1":{"loc":{"start":{"line":5,"column":2},"end":{"line":5,"column":46}},"type":"if","locations":[{"start":{"line":5,"column":2},"end":{"line":5,"column":46}},{"start":{},"end":{}}],"line":5},"2":{"loc":{"start":{"line":35,"column":12},"end":{"line":35,"column":27}},"type":"binary-expr","locations":[{"start":{"line":35,"column":12},"end":{"line":35,"column":19}},{"start":{"line":35,"column":23},"end":{"line":35,"column":27}}],"line":35},"3":{"loc":{"start":{"line":36,"column":13},"end":{"line":36,"column":29}},"type":"binary-expr","locations":[{"start":{"line":36,"column":13},"end":{"line":36,"column":21}},{"start":{"line":36,"column":25},"end":{"line":36,"column":29}}],"line":36},"4":{"loc":{"start":{"line":37,"column":12},"end":{"line":37,"column":27}},"type":"binary-expr","locations":[{"start":{"line":37,"column":12},"end":{"line":37,"column":19}},{"start":{"line":37,"column":23},"end":{"line":37,"column":27}}],"line":37},"5":{"loc":{"start":{"line":38,"column":13},"end":{"line":38,"column":29}},"type":"binary-expr","locations":[{"start":{"line":38,"column":13},"end":{"line":38,"column":21}},{"start":{"line":38,"column":25},"end":{"line":38,"column":29}}],"line":38},"6":{"loc":{"start":{"line":49,"column":4},"end":{"line":49,"column":18}},"type":"default-arg","locations":[{"start":{"line":49,"column":14},"end":{"line":49,"column":18}}],"line":49},"7":{"loc":{"start":{"line":50,"column":4},"end":{"line":50,"column":19}},"type":"default-arg","locations":[{"start":{"line":50,"column":15},"end":{"line":50,"column":19}}],"line":50},"8":{"loc":{"start":{"line":51,"column":4},"end":{"line":51,"column":18}},"type":"default-arg","locations":[{"start":{"line":51,"column":14},"end":{"line":51,"column":18}}],"line":51},"9":{"loc":{"start":{"line":52,"column":4},"end":{"line":52,"column":19}},"type":"default-arg","locations":[{"start":{"line":52,"column":15},"end":{"line":52,"column":19}}],"line":52}},"s":{"0":1,"1":1,"2":1,"3":2,"4":1,"5":2,"6":1,"7":2,"8":2,"9":2,"10":1,"11":0,"12":0,"13":1,"14":0,"15":0,"16":0,"17":1,"18":0,"19":0,"20":0,"21":0,"22":0,"23":0,"24":0,"25":1,"26":0,"27":0,"28":1,"29":0,"30":0,"31":1},"f":{"0":2,"1":2,"2":0,"3":0,"4":0,"5":0,"6":0},"b":{"0":[2],"1":[1,1],"2":[0,0],"3":[0,0],"4":[0,0],"5":[0,0],"6":[0],"7":[0],"8":[0],"9":[0]},"_coverageSchema":"1a1c01bbd47fc00a2c39e90264f33305004495a9","hash":"3cee4862dccf9b5dc81121b4f0fb7b30fc295438"}
,"C:\\Users\\jaspe\\Documents\\Klauwaerts\\wiki\\backend_website_trainers\\src\\service\\user.js": {"path":"C:\\Users\\jaspe\\Documents\\Klauwaerts\\wiki\\backend_website_trainers\\src\\service\\user.js","statementMap":{"0":{"start":{"line":1,"column":22},"end":{"line":1,"column":48}},"1":{"start":{"line":2,"column":24},"end":{"line":2,"column":46}},"2":{"start":{"line":3,"column":41},"end":{"line":3,"column":68}},"3":{"start":{"line":4,"column":24},"end":{"line":4,"column":53}},"4":{"start":{"line":5,"column":14},"end":{"line":5,"column":38}},"5":{"start":{"line":7,"column":17},"end":{"line":9,"column":1}},"6":{"start":{"line":8,"column":2},"end":{"line":8,"column":35}},"7":{"start":{"line":11,"column":24},"end":{"line":11,"column":60}},"8":{"start":{"line":11,"column":56},"end":{"line":11,"column":60}},"9":{"start":{"line":13,"column":22},"end":{"line":19,"column":1}},"10":{"start":{"line":14,"column":16},"end":{"line":14,"column":39}},"11":{"start":{"line":15,"column":2},"end":{"line":18,"column":4}},"12":{"start":{"line":21,"column":14},"end":{"line":34,"column":1}},"13":{"start":{"line":22,"column":15},"end":{"line":22,"column":53}},"14":{"start":{"line":24,"column":2},"end":{"line":26,"column":3}},"15":{"start":{"line":25,"column":4},"end":{"line":25,"column":64}},"16":{"start":{"line":28,"column":24},"end":{"line":28,"column":74}},"17":{"start":{"line":29,"column":2},"end":{"line":31,"column":3}},"18":{"start":{"line":30,"column":4},"end":{"line":30,"column":64}},"19":{"start":{"line":33,"column":2},"end":{"line":33,"column":35}},"20":{"start":{"line":36,"column":17},"end":{"line":45,"column":1}},"21":{"start":{"line":37,"column":2},"end":{"line":37,"column":44}},"22":{"start":{"line":38,"column":23},"end":{"line":38,"column":51}},"23":{"start":{"line":39,"column":15},"end":{"line":43,"column":4}},"24":{"start":{"line":44,"column":2},"end":{"line":44,"column":35}},"25":{"start":{"line":47,"column":15},"end":{"line":57,"column":1}},"26":{"start":{"line":48,"column":2},"end":{"line":48,"column":51}},"27":{"start":{"line":49,"column":15},"end":{"line":49,"column":63}},"28":{"start":{"line":50,"column":16},"end":{"line":50,"column":49}},"29":{"start":{"line":51,"column":2},"end":{"line":56,"column":4}},"30":{"start":{"line":59,"column":16},"end":{"line":68,"column":1}},"31":{"start":{"line":60,"column":2},"end":{"line":60,"column":40}},"32":{"start":{"line":61,"column":15},"end":{"line":61,"column":49}},"33":{"start":{"line":63,"column":2},"end":{"line":65,"column":3}},"34":{"start":{"line":64,"column":4},"end":{"line":64,"column":52}},"35":{"start":{"line":67,"column":2},"end":{"line":67,"column":14}},"36":{"start":{"line":70,"column":19},"end":{"line":72,"column":1}},"37":{"start":{"line":71,"column":2},"end":{"line":71,"column":50}},"38":{"start":{"line":74,"column":19},"end":{"line":80,"column":1}},"39":{"start":{"line":75,"column":18},"end":{"line":75,"column":54}},"40":{"start":{"line":77,"column":2},"end":{"line":79,"column":3}},"41":{"start":{"line":78,"column":4},"end":{"line":78,"column":52}},"42":{"start":{"line":82,"column":0},"end":{"line":89,"column":2}}},"fnMap":{"0":{"name":"(anonymous_0)","decl":{"start":{"line":7,"column":17},"end":{"line":7,"column":18}},"loc":{"start":{"line":7,"column":36},"end":{"line":9,"column":1}},"line":7},"1":{"name":"(anonymous_1)","decl":{"start":{"line":11,"column":24},"end":{"line":11,"column":25}},"loc":{"start":{"line":11,"column":56},"end":{"line":11,"column":60}},"line":11},"2":{"name":"(anonymous_2)","decl":{"start":{"line":13,"column":22},"end":{"line":13,"column":23}},"loc":{"start":{"line":13,"column":38},"end":{"line":19,"column":1}},"line":13},"3":{"name":"(anonymous_3)","decl":{"start":{"line":21,"column":14},"end":{"line":21,"column":15}},"loc":{"start":{"line":21,"column":40},"end":{"line":34,"column":1}},"line":21},"4":{"name":"(anonymous_4)","decl":{"start":{"line":36,"column":17},"end":{"line":36,"column":18}},"loc":{"start":{"line":36,"column":54},"end":{"line":45,"column":1}},"line":36},"5":{"name":"(anonymous_5)","decl":{"start":{"line":47,"column":15},"end":{"line":47,"column":16}},"loc":{"start":{"line":47,"column":50},"end":{"line":57,"column":1}},"line":47},"6":{"name":"(anonymous_6)","decl":{"start":{"line":59,"column":16},"end":{"line":59,"column":17}},"loc":{"start":{"line":59,"column":30},"end":{"line":68,"column":1}},"line":59},"7":{"name":"(anonymous_7)","decl":{"start":{"line":70,"column":19},"end":{"line":70,"column":20}},"loc":{"start":{"line":70,"column":37},"end":{"line":72,"column":1}},"line":70},"8":{"name":"(anonymous_8)","decl":{"start":{"line":74,"column":19},"end":{"line":74,"column":20}},"loc":{"start":{"line":74,"column":33},"end":{"line":80,"column":1}},"line":74}},"branchMap":{"0":{"loc":{"start":{"line":24,"column":2},"end":{"line":26,"column":3}},"type":"if","locations":[{"start":{"line":24,"column":2},"end":{"line":26,"column":3}},{"start":{},"end":{}}],"line":24},"1":{"loc":{"start":{"line":29,"column":2},"end":{"line":31,"column":3}},"type":"if","locations":[{"start":{"line":29,"column":2},"end":{"line":31,"column":3}},{"start":{},"end":{}}],"line":29},"2":{"loc":{"start":{"line":47,"column":22},"end":{"line":47,"column":33}},"type":"default-arg","locations":[{"start":{"line":47,"column":30},"end":{"line":47,"column":33}}],"line":47},"3":{"loc":{"start":{"line":47,"column":35},"end":{"line":47,"column":45}},"type":"default-arg","locations":[{"start":{"line":47,"column":44},"end":{"line":47,"column":45}}],"line":47},"4":{"loc":{"start":{"line":63,"column":2},"end":{"line":65,"column":3}},"type":"if","locations":[{"start":{"line":63,"column":2},"end":{"line":65,"column":3}},{"start":{},"end":{}}],"line":63},"5":{"loc":{"start":{"line":77,"column":2},"end":{"line":79,"column":3}},"type":"if","locations":[{"start":{"line":77,"column":2},"end":{"line":79,"column":3}},{"start":{},"end":{}}],"line":77}},"s":{"0":1,"1":1,"2":1,"3":1,"4":1,"5":1,"6":0,"7":1,"8":0,"9":1,"10":0,"11":0,"12":1,"13":0,"14":0,"15":0,"16":0,"17":0,"18":0,"19":0,"20":1,"21":0,"22":0,"23":0,"24":0,"25":1,"26":0,"27":0,"28":0,"29":0,"30":1,"31":0,"32":0,"33":0,"34":0,"35":0,"36":1,"37":0,"38":1,"39":0,"40":0,"41":0,"42":1},"f":{"0":0,"1":0,"2":0,"3":0,"4":0,"5":0,"6":0,"7":0,"8":0},"b":{"0":[0,0],"1":[0,0],"2":[0],"3":[0],"4":[0,0],"5":[0,0]},"_coverageSchema":"1a1c01bbd47fc00a2c39e90264f33305004495a9","hash":"80e390f8609344bfcec80504869c778c8247df49"}
,"C:\\Users\\jaspe\\Documents\\Klauwaerts\\wiki\\backend_website_trainers\\src\\service\\wedstrijd.js": {"path":"C:\\Users\\jaspe\\Documents\\Klauwaerts\\wiki\\backend_website_trainers\\src\\service\\wedstrijd.js","statementMap":{"0":{"start":{"line":1,"column":22},"end":{"line":1,"column":48}},"1":{"start":{"line":2,"column":30},"end":{"line":2,"column":64}},"2":{"start":{"line":4,"column":17},"end":{"line":7,"column":1}},"3":{"start":{"line":5,"column":2},"end":{"line":5,"column":46}},"4":{"start":{"line":5,"column":20},"end":{"line":5,"column":46}},"5":{"start":{"line":6,"column":2},"end":{"line":6,"column":35}},"6":{"start":{"line":9,"column":15},"end":{"line":18,"column":1}},"7":{"start":{"line":10,"column":2},"end":{"line":10,"column":39}},"8":{"start":{"line":11,"column":15},"end":{"line":11,"column":65}},"9":{"start":{"line":12,"column":2},"end":{"line":17,"column":4}},"10":{"start":{"line":20,"column":16},"end":{"line":23,"column":1}},"11":{"start":{"line":21,"column":2},"end":{"line":21,"column":47}},"12":{"start":{"line":22,"column":2},"end":{"line":22,"column":44}},"13":{"start":{"line":25,"column":15},"end":{"line":40,"column":1}},"14":{"start":{"line":26,"column":2},"end":{"line":26,"column":28}},"15":{"start":{"line":27,"column":2},"end":{"line":27,"column":28}},"16":{"start":{"line":28,"column":2},"end":{"line":28,"column":30}},"17":{"start":{"line":29,"column":23},"end":{"line":37,"column":3}},"18":{"start":{"line":38,"column":2},"end":{"line":38,"column":51}},"19":{"start":{"line":39,"column":2},"end":{"line":39,"column":52}},"20":{"start":{"line":42,"column":19},"end":{"line":67,"column":1}},"21":{"start":{"line":46,"column":2},"end":{"line":46,"column":28}},"22":{"start":{"line":47,"column":2},"end":{"line":47,"column":28}},"23":{"start":{"line":48,"column":2},"end":{"line":48,"column":30}},"24":{"start":{"line":49,"column":2},"end":{"line":57,"column":5}},"25":{"start":{"line":58,"column":2},"end":{"line":66,"column":5}},"26":{"start":{"line":69,"column":19},"end":{"line":72,"column":1}},"27":{"start":{"line":70,"column":2},"end":{"line":70,"column":47}},"28":{"start":{"line":71,"column":2},"end":{"line":71,"column":45}},"29":{"start":{"line":74,"column":0},"end":{"line":80,"column":2}}},"fnMap":{"0":{"name":"(anonymous_0)","decl":{"start":{"line":4,"column":17},"end":{"line":4,"column":18}},"loc":{"start":{"line":4,"column":41},"end":{"line":7,"column":1}},"line":4},"1":{"name":"(anonymous_1)","decl":{"start":{"line":9,"column":15},"end":{"line":9,"column":16}},"loc":{"start":{"line":9,"column":40},"end":{"line":18,"column":1}},"line":9},"2":{"name":"(anonymous_2)","decl":{"start":{"line":20,"column":16},"end":{"line":20,"column":17}},"loc":{"start":{"line":20,"column":24},"end":{"line":23,"column":1}},"line":20},"3":{"name":"(anonymous_3)","decl":{"start":{"line":25,"column":15},"end":{"line":25,"column":16}},"loc":{"start":{"line":25,"column":78},"end":{"line":40,"column":1}},"line":25},"4":{"name":"(anonymous_4)","decl":{"start":{"line":42,"column":19},"end":{"line":42,"column":20}},"loc":{"start":{"line":45,"column":5},"end":{"line":67,"column":1}},"line":45},"5":{"name":"(anonymous_5)","decl":{"start":{"line":69,"column":19},"end":{"line":69,"column":20}},"loc":{"start":{"line":69,"column":33},"end":{"line":72,"column":1}},"line":69}},"branchMap":{"0":{"loc":{"start":{"line":4,"column":27},"end":{"line":4,"column":36}},"type":"default-arg","locations":[{"start":{"line":4,"column":34},"end":{"line":4,"column":36}}],"line":4},"1":{"loc":{"start":{"line":5,"column":2},"end":{"line":5,"column":46}},"type":"if","locations":[{"start":{"line":5,"column":2},"end":{"line":5,"column":46}},{"start":{},"end":{}}],"line":5},"2":{"loc":{"start":{"line":26,"column":12},"end":{"line":26,"column":27}},"type":"binary-expr","locations":[{"start":{"line":26,"column":12},"end":{"line":26,"column":19}},{"start":{"line":26,"column":23},"end":{"line":26,"column":27}}],"line":26},"3":{"loc":{"start":{"line":27,"column":12},"end":{"line":27,"column":27}},"type":"binary-expr","locations":[{"start":{"line":27,"column":12},"end":{"line":27,"column":19}},{"start":{"line":27,"column":23},"end":{"line":27,"column":27}}],"line":27},"4":{"loc":{"start":{"line":28,"column":13},"end":{"line":28,"column":29}},"type":"binary-expr","locations":[{"start":{"line":28,"column":13},"end":{"line":28,"column":21}},{"start":{"line":28,"column":25},"end":{"line":28,"column":29}}],"line":28},"5":{"loc":{"start":{"line":46,"column":12},"end":{"line":46,"column":27}},"type":"binary-expr","locations":[{"start":{"line":46,"column":12},"end":{"line":46,"column":19}},{"start":{"line":46,"column":23},"end":{"line":46,"column":27}}],"line":46},"6":{"loc":{"start":{"line":47,"column":12},"end":{"line":47,"column":27}},"type":"binary-expr","locations":[{"start":{"line":47,"column":12},"end":{"line":47,"column":19}},{"start":{"line":47,"column":23},"end":{"line":47,"column":27}}],"line":47},"7":{"loc":{"start":{"line":48,"column":13},"end":{"line":48,"column":29}},"type":"binary-expr","locations":[{"start":{"line":48,"column":13},"end":{"line":48,"column":21}},{"start":{"line":48,"column":25},"end":{"line":48,"column":29}}],"line":48}},"s":{"0":1,"1":1,"2":1,"3":0,"4":0,"5":0,"6":1,"7":0,"8":0,"9":0,"10":1,"11":0,"12":0,"13":1,"14":0,"15":0,"16":0,"17":0,"18":0,"19":0,"20":1,"21":0,"22":0,"23":0,"24":0,"25":0,"26":1,"27":0,"28":0,"29":1},"f":{"0":0,"1":0,"2":0,"3":0,"4":0,"5":0},"b":{"0":[0],"1":[0,0],"2":[0,0],"3":[0,0],"4":[0,0],"5":[0,0],"6":[0,0],"7":[0,0]},"_coverageSchema":"1a1c01bbd47fc00a2c39e90264f33305004495a9","hash":"a16b73f3d99608c1c81f0aa9604855367d529f79"}
}
